TN:
SF:src/errors.js
FN:12,(anonymous_0)
FN:24,(anonymous_1)
FN:32,(anonymous_2)
FN:40,(anonymous_3)
FN:48,(anonymous_4)
FN:56,(anonymous_5)
FN:64,(anonymous_6)
FNF:7
FNH:7
FNDA:21,(anonymous_0)
FNDA:2,(anonymous_1)
FNDA:4,(anonymous_2)
FNDA:3,(anonymous_3)
FNDA:1,(anonymous_4)
FNDA:2,(anonymous_5)
FNDA:1,(anonymous_6)
DA:13,21
DA:14,21
DA:15,21
DA:16,21
DA:17,21
DA:25,2
DA:33,4
DA:41,3
DA:49,1
DA:57,2
DA:65,1
LF:11
LH:11
BRDA:12,0,0,3
BRDA:12,1,0,3
BRDA:12,2,0,13
BRDA:33,3,0,4
BRDA:33,3,1,3
BRF:5
BRH:5
end_of_record
TN:
SF:src/http-client.js
FN:17,(anonymous_0)
FN:32,(anonymous_1)
FN:38,(anonymous_2)
FN:43,(anonymous_3)
FN:44,(anonymous_4)
FN:77,(anonymous_5)
FN:84,(anonymous_6)
FN:94,(anonymous_7)
FN:105,(anonymous_8)
FN:116,(anonymous_9)
FN:127,(anonymous_10)
FN:137,(anonymous_11)
FNF:12
FNH:11
FNDA:78,(anonymous_0)
FNDA:34,(anonymous_1)
FNDA:0,(anonymous_2)
FNDA:25,(anonymous_3)
FNDA:9,(anonymous_4)
FNDA:11,(anonymous_5)
FNDA:4,(anonymous_6)
FNDA:21,(anonymous_7)
FNDA:10,(anonymous_8)
FNDA:1,(anonymous_9)
FNDA:1,(anonymous_10)
FNDA:1,(anonymous_11)
DA:18,78
DA:19,78
DA:21,78
DA:31,78
DA:33,34
DA:34,1
DA:36,34
DA:38,0
DA:42,78
DA:43,25
DA:45,9
DA:47,6
DA:48,6
DA:54,3
DA:56,3
DA:63,0
DA:78,11
DA:85,4
DA:95,21
DA:96,15
DA:106,10
DA:107,7
DA:117,1
DA:118,1
DA:128,1
DA:129,1
DA:138,1
DA:139,1
LF:28
LH:26
BRDA:17,0,0,61
BRDA:19,1,0,78
BRDA:19,1,1,77
BRDA:23,2,0,78
BRDA:23,2,1,76
BRDA:33,3,0,1
BRDA:33,3,1,33
BRDA:33,4,0,34
BRDA:33,4,1,1
BRDA:45,5,0,6
BRDA:45,5,1,3
BRDA:49,6,0,6
BRDA:49,6,1,0
BRDA:51,7,0,6
BRDA:51,7,1,0
BRDA:54,8,0,3
BRDA:54,8,1,0
BRDA:54,9,0,3
BRDA:54,9,1,3
BRDA:54,9,2,2
BRDA:64,10,0,0
BRDA:64,10,1,0
BRDA:94,11,0,19
BRDA:105,12,0,0
BRDA:116,13,0,0
BRDA:127,14,0,0
BRF:26
BRH:18
end_of_record
TN:
SF:src/index.js
FN:50,(anonymous_0)
FN:68,(anonymous_1)
FN:77,(anonymous_2)
FN:85,(anonymous_3)
FN:93,(anonymous_4)
FNF:5
FNH:5
FNDA:15,(anonymous_0)
FNDA:4,(anonymous_1)
FNDA:2,(anonymous_2)
FNDA:1,(anonymous_3)
FNDA:3,(anonymous_4)
DA:51,15
DA:54,15
DA:55,15
DA:56,15
DA:57,15
DA:58,15
DA:59,15
DA:69,4
DA:78,2
DA:86,1
DA:94,3
LF:11
LH:11
BRDA:50,0,0,2
BRDA:50,1,0,14
BRF:2
BRH:2
end_of_record
TN:
SF:src/resources/admin.js
FN:25,(anonymous_0)
FNF:1
FNH:0
FNDA:0,(anonymous_0)
DA:26,0
DA:35,0
DA:36,0
DA:37,0
DA:40,0
LF:5
LH:0
BRDA:36,0,0,0
BRDA:36,0,1,0
BRF:2
BRH:0
end_of_record
TN:
SF:src/resources/auth.js
FN:21,(anonymous_0)
FN:47,(anonymous_1)
FN:55,(anonymous_2)
FN:63,(anonymous_3)
FN:73,(anonymous_4)
FNF:5
FNH:5
FNDA:7,(anonymous_0)
FNDA:1,(anonymous_1)
FNDA:2,(anonymous_2)
FNDA:2,(anonymous_3)
FNDA:1,(anonymous_4)
DA:22,7
DA:24,5
DA:25,2
DA:28,3
DA:29,1
DA:32,2
DA:35,1
DA:36,1
DA:39,1
DA:48,1
DA:56,2
DA:64,2
DA:74,1
LF:13
LH:13
BRDA:24,0,0,2
BRDA:24,0,1,3
BRDA:24,1,0,5
BRDA:24,1,1,4
BRDA:28,2,0,1
BRDA:28,2,1,2
BRDA:35,3,0,1
BRDA:35,3,1,0
BRF:8
BRH:7
end_of_record
TN:
SF:src/resources/base.js
FN:10,(anonymous_0)
FN:20,(anonymous_1)
FN:22,(anonymous_2)
FN:35,(anonymous_3)
FN:37,(anonymous_4)
FN:50,(anonymous_5)
FNF:6
FNH:4
FNDA:136,(anonymous_0)
FNDA:26,(anonymous_1)
FNDA:70,(anonymous_2)
FNDA:0,(anonymous_3)
FNDA:0,(anonymous_4)
FNDA:2,(anonymous_5)
DA:11,136
DA:21,26
DA:22,70
DA:25,26
DA:26,8
DA:36,0
DA:37,0
DA:38,0
DA:39,0
DA:42,0
DA:51,2
DA:52,1
DA:54,1
LF:13
LH:8
BRDA:22,0,0,70
BRDA:22,0,1,54
BRDA:25,1,0,8
BRDA:25,1,1,18
BRDA:38,2,0,0
BRDA:38,2,1,0
BRDA:38,3,0,0
BRDA:38,3,1,0
BRDA:51,4,0,1
BRDA:51,4,1,1
BRF:10
BRH:6
end_of_record
TN:
SF:src/resources/betting.js
FN:22,(anonymous_0)
FN:39,(anonymous_1)
FN:61,(anonymous_2)
FNF:3
FNH:3
FNDA:5,(anonymous_0)
FNDA:3,(anonymous_1)
FNDA:5,(anonymous_2)
DA:23,5
DA:25,4
DA:26,2
DA:29,2
DA:40,3
DA:41,1
DA:44,2
DA:62,5
DA:64,4
DA:65,2
DA:68,2
LF:11
LH:11
BRDA:25,0,0,2
BRDA:25,0,1,2
BRDA:40,1,0,1
BRDA:40,1,1,2
BRDA:64,2,0,2
BRDA:64,2,1,2
BRF:6
BRH:6
end_of_record
TN:
SF:src/resources/config.js
FN:14,(anonymous_0)
FN:25,(anonymous_1)
FN:35,(anonymous_2)
FN:45,(anonymous_3)
FN:55,(anonymous_4)
FNF:5
FNH:0
FNDA:0,(anonymous_0)
FNDA:0,(anonymous_1)
FNDA:0,(anonymous_2)
FNDA:0,(anonymous_3)
FNDA:0,(anonymous_4)
DA:15,0
DA:26,0
DA:36,0
DA:46,0
DA:56,0
LF:5
LH:0
BRF:0
BRH:0
end_of_record
TN:
SF:src/resources/markets.js
FN:14,(anonymous_0)
FN:26,(anonymous_1)
FN:40,(anonymous_2)
FN:50,(anonymous_3)
FN:60,(anonymous_4)
FN:72,(anonymous_5)
FN:95,(anonymous_6)
FN:115,(anonymous_7)
FN:130,(anonymous_8)
FN:146,(anonymous_9)
FN:161,(anonymous_10)
FN:188,(anonymous_11)
FN:212,(anonymous_12)
FNF:13
FNH:13
FNDA:1,(anonymous_0)
FNDA:3,(anonymous_1)
FNDA:1,(anonymous_2)
FNDA:1,(anonymous_3)
FNDA:1,(anonymous_4)
FNDA:2,(anonymous_5)
FNDA:2,(anonymous_6)
FNDA:2,(anonymous_7)
FNDA:1,(anonymous_8)
FNDA:2,(anonymous_9)
FNDA:1,(anonymous_10)
FNDA:3,(anonymous_11)
FNDA:2,(anonymous_12)
DA:15,1
DA:27,3
DA:28,2
DA:31,1
DA:41,1
DA:51,1
DA:61,1
DA:73,2
DA:74,1
DA:77,1
DA:96,2
DA:102,1
DA:116,2
DA:117,1
DA:120,1
DA:131,1
DA:132,0
DA:135,1
DA:147,2
DA:149,1
DA:162,1
DA:163,0
DA:166,1
DA:189,3
DA:196,2
DA:201,2
DA:213,2
DA:218,1
LF:28
LH:26
BRDA:27,0,0,2
BRDA:27,0,1,1
BRDA:73,1,0,1
BRDA:73,1,1,1
BRDA:116,2,0,1
BRDA:116,2,1,1
BRDA:131,3,0,0
BRDA:131,3,1,1
BRDA:162,4,0,0
BRDA:162,4,1,1
BRF:10
BRH:8
end_of_record
TN:
SF:src/resources/users.js
FN:15,(anonymous_0)
FN:31,(anonymous_1)
FN:46,(anonymous_2)
FN:61,(anonymous_3)
FN:76,(anonymous_4)
FN:92,(anonymous_5)
FN:105,(anonymous_6)
FN:122,(anonymous_7)
FN:137,(anonymous_8)
FN:161,(anonymous_9)
FNF:10
FNH:0
FNDA:0,(anonymous_0)
FNDA:0,(anonymous_1)
FNDA:0,(anonymous_2)
FNDA:0,(anonymous_3)
FNDA:0,(anonymous_4)
FNDA:0,(anonymous_5)
FNDA:0,(anonymous_6)
FNDA:0,(anonymous_7)
FNDA:0,(anonymous_8)
FNDA:0,(anonymous_9)
DA:16,0
DA:17,0
DA:20,0
DA:32,0
DA:33,0
DA:36,0
DA:47,0
DA:48,0
DA:51,0
DA:62,0
DA:63,0
DA:66,0
DA:77,0
DA:93,0
DA:95,0
DA:106,0
DA:107,0
DA:110,0
DA:123,0
DA:124,0
DA:127,0
DA:138,0
DA:139,0
DA:142,0
DA:162,0
DA:163,0
DA:166,0
LF:27
LH:0
BRDA:16,0,0,0
BRDA:16,0,1,0
BRDA:32,1,0,0
BRDA:32,1,1,0
BRDA:47,2,0,0
BRDA:47,2,1,0
BRDA:62,3,0,0
BRDA:62,3,1,0
BRDA:106,4,0,0
BRDA:106,4,1,0
BRDA:123,5,0,0
BRDA:123,5,1,0
BRDA:138,6,0,0
BRDA:138,6,1,0
BRDA:162,7,0,0
BRDA:162,7,1,0
BRDA:162,8,0,0
BRDA:162,8,1,0
BRF:18
BRH:0
end_of_record
